{"type":"server-started","port":54667,"host":"127.0.0.1","url_host":"localhost","url":"http://localhost:54667","screen_dir":"/Users/budi/Desktop/Proyectos/blockpr/blockpr-frontend/.superpowers/brainstorm/525-1773605238"}
{"type":"screen-added","file":"/Users/budi/Desktop/Proyectos/blockpr/blockpr-frontend/.superpowers/brainstorm/525-1773605238/animation-concept.html"}
{"type":"screen-added","file":"/Users/budi/Desktop/Proyectos/blockpr/blockpr-frontend/.superpowers/brainstorm/525-1773605238/animation-v2.html"}
{"type":"screen-added","file":"/Users/budi/Desktop/Proyectos/blockpr/blockpr-frontend/.superpowers/brainstorm/525-1773605238/animation-v3.html"}
{"type":"screen-added","file":"/Users/budi/Desktop/Proyectos/blockpr/blockpr-frontend/.superpowers/brainstorm/525-1773605238/animation-v4.html"}
{"type":"screen-added","file":"/Users/budi/Desktop/Proyectos/blockpr/blockpr-frontend/.superpowers/brainstorm/525-1773605238/animation-v5.html"}
{"type":"screen-updated","file":"/Users/budi/Desktop/Proyectos/blockpr/blockpr-frontend/.superpowers/brainstorm/525-1773605238/animation-v5.html"}
{"type":"screen-updated","file":"/Users/budi/Desktop/Proyectos/blockpr/blockpr-frontend/.superpowers/brainstorm/525-1773605238/animation-v5.html"}
{"type":"screen-updated","file":"/Users/budi/Desktop/Proyectos/blockpr/blockpr-frontend/.superpowers/brainstorm/525-1773605238/animation-v5.html"}
{"type":"screen-updated","file":"/Users/budi/Desktop/Proyectos/blockpr/blockpr-frontend/.superpowers/brainstorm/525-1773605238/animation-v5.html"}
{"type":"screen-updated","file":"/Users/budi/Desktop/Proyectos/blockpr/blockpr-frontend/.superpowers/brainstorm/525-1773605238/animation-v5.html"}
{"type":"screen-updated","file":"/Users/budi/Desktop/Proyectos/blockpr/blockpr-frontend/.superpowers/brainstorm/525-1773605238/animation-v5.html"}
{"type":"screen-updated","file":"/Users/budi/Desktop/Proyectos/blockpr/blockpr-frontend/.superpowers/brainstorm/525-1773605238/animation-v5.html"}
{"type":"screen-updated","file":"/Users/budi/Desktop/Proyectos/blockpr/blockpr-frontend/.superpowers/brainstorm/525-1773605238/animation-v5.html"}
{"type":"screen-updated","file":"/Users/budi/Desktop/Proyectos/blockpr/blockpr-frontend/.superpowers/brainstorm/525-1773605238/animation-v5.html"}
{"type":"screen-updated","file":"/Users/budi/Desktop/Proyectos/blockpr/blockpr-frontend/.superpowers/brainstorm/525-1773605238/animation-v5.html"}
{"type":"screen-updated","file":"/Users/budi/Desktop/Proyectos/blockpr/blockpr-frontend/.superpowers/brainstorm/525-1773605238/animation-v5.html"}
{"type":"screen-updated","file":"/Users/budi/Desktop/Proyectos/blockpr/blockpr-frontend/.superpowers/brainstorm/525-1773605238/animation-v5.html"}
{"type":"screen-updated","file":"/Users/budi/Desktop/Proyectos/blockpr/blockpr-frontend/.superpowers/brainstorm/525-1773605238/animation-v5.html"}
{"type":"screen-updated","file":"/Users/budi/Desktop/Proyectos/blockpr/blockpr-frontend/.superpowers/brainstorm/525-1773605238/animation-v5.html"}
{"type":"screen-updated","file":"/Users/budi/Desktop/Proyectos/blockpr/blockpr-frontend/.superpowers/brainstorm/525-1773605238/animation-v5.html"}
{"type":"screen-updated","file":"/Users/budi/Desktop/Proyectos/blockpr/blockpr-frontend/.superpowers/brainstorm/525-1773605238/animation-v5.html"}
{"type":"screen-updated","file":"/Users/budi/Desktop/Proyectos/blockpr/blockpr-frontend/.superpowers/brainstorm/525-1773605238/animation-v5.html"}
{"type":"screen-updated","file":"/Users/budi/Desktop/Proyectos/blockpr/blockpr-frontend/.superpowers/brainstorm/525-1773605238/animation-v5.html"}
{"type":"screen-updated","file":"/Users/budi/Desktop/Proyectos/blockpr/blockpr-frontend/.superpowers/brainstorm/525-1773605238/animation-v5.html"}
{"type":"screen-updated","file":"/Users/budi/Desktop/Proyectos/blockpr/blockpr-frontend/.superpowers/brainstorm/525-1773605238/animation-v5.html"}
{"type":"screen-updated","file":"/Users/budi/Desktop/Proyectos/blockpr/blockpr-frontend/.superpowers/brainstorm/525-1773605238/animation-v5.html"}
{"type":"screen-updated","file":"/Users/budi/Desktop/Proyectos/blockpr/blockpr-frontend/.superpowers/brainstorm/525-1773605238/animation-v5.html"}
{"type":"screen-updated","file":"/Users/budi/Desktop/Proyectos/blockpr/blockpr-frontend/.superpowers/brainstorm/525-1773605238/animation-v5.html"}
{"type":"screen-updated","file":"/Users/budi/Desktop/Proyectos/blockpr/blockpr-frontend/.superpowers/brainstorm/525-1773605238/animation-v5.html"}
{"type":"screen-updated","file":"/Users/budi/Desktop/Proyectos/blockpr/blockpr-frontend/.superpowers/brainstorm/525-1773605238/animation-v5.html"}
{"type":"screen-added","file":"/Users/budi/Desktop/Proyectos/blockpr/blockpr-frontend/.superpowers/brainstorm/525-1773605238/animation-v6.html"}
{"type":"screen-updated","file":"/Users/budi/Desktop/Proyectos/blockpr/blockpr-frontend/.superpowers/brainstorm/525-1773605238/animation-v6.html"}
{"type":"screen-updated","file":"/Users/budi/Desktop/Proyectos/blockpr/blockpr-frontend/.superpowers/brainstorm/525-1773605238/animation-v6.html"}
{"type":"screen-updated","file":"/Users/budi/Desktop/Proyectos/blockpr/blockpr-frontend/.superpowers/brainstorm/525-1773605238/animation-v6.html"}
{"type":"screen-updated","file":"/Users/budi/Desktop/Proyectos/blockpr/blockpr-frontend/.superpowers/brainstorm/525-1773605238/animation-v6.html"}
{"type":"screen-updated","file":"/Users/budi/Desktop/Proyectos/blockpr/blockpr-frontend/.superpowers/brainstorm/525-1773605238/animation-v6.html"}
{"type":"screen-updated","file":"/Users/budi/Desktop/Proyectos/blockpr/blockpr-frontend/.superpowers/brainstorm/525-1773605238/animation-v6.html"}
{"type":"screen-updated","file":"/Users/budi/Desktop/Proyectos/blockpr/blockpr-frontend/.superpowers/brainstorm/525-1773605238/animation-v6.html"}
{"type":"screen-updated","file":"/Users/budi/Desktop/Proyectos/blockpr/blockpr-frontend/.superpowers/brainstorm/525-1773605238/animation-v6.html"}
{"type":"screen-updated","file":"/Users/budi/Desktop/Proyectos/blockpr/blockpr-frontend/.superpowers/brainstorm/525-1773605238/animation-v6.html"}
{"type":"screen-updated","file":"/Users/budi/Desktop/Proyectos/blockpr/blockpr-frontend/.superpowers/brainstorm/525-1773605238/animation-v6.html"}
{"type":"screen-updated","file":"/Users/budi/Desktop/Proyectos/blockpr/blockpr-frontend/.superpowers/brainstorm/525-1773605238/animation-v6.html"}
{"type":"screen-updated","file":"/Users/budi/Desktop/Proyectos/blockpr/blockpr-frontend/.superpowers/brainstorm/525-1773605238/animation-v6.html"}
{"type":"screen-added","file":"/Users/budi/Desktop/Proyectos/blockpr/blockpr-frontend/.superpowers/brainstorm/525-1773605238/animation-v7.html"}
{"type":"screen-updated","file":"/Users/budi/Desktop/Proyectos/blockpr/blockpr-frontend/.superpowers/brainstorm/525-1773605238/animation-v7.html"}
{"type":"screen-updated","file":"/Users/budi/Desktop/Proyectos/blockpr/blockpr-frontend/.superpowers/brainstorm/525-1773605238/animation-v7.html"}
{"type":"screen-updated","file":"/Users/budi/Desktop/Proyectos/blockpr/blockpr-frontend/.superpowers/brainstorm/525-1773605238/animation-v7.html"}
{"type":"screen-updated","file":"/Users/budi/Desktop/Proyectos/blockpr/blockpr-frontend/.superpowers/brainstorm/525-1773605238/animation-v7.html"}
{"type":"screen-updated","file":"/Users/budi/Desktop/Proyectos/blockpr/blockpr-frontend/.superpowers/brainstorm/525-1773605238/animation-v7.html"}
{"type":"screen-updated","file":"/Users/budi/Desktop/Proyectos/blockpr/blockpr-frontend/.superpowers/brainstorm/525-1773605238/animation-v7.html"}
{"type":"screen-updated","file":"/Users/budi/Desktop/Proyectos/blockpr/blockpr-frontend/.superpowers/brainstorm/525-1773605238/animation-v7.html"}
{"type":"screen-updated","file":"/Users/budi/Desktop/Proyectos/blockpr/blockpr-frontend/.superpowers/brainstorm/525-1773605238/animation-v7.html"}
{"type":"screen-updated","file":"/Users/budi/Desktop/Proyectos/blockpr/blockpr-frontend/.superpowers/brainstorm/525-1773605238/animation-v7.html"}
{"type":"screen-updated","file":"/Users/budi/Desktop/Proyectos/blockpr/blockpr-frontend/.superpowers/brainstorm/525-1773605238/animation-v7.html"}
{"type":"screen-updated","file":"/Users/budi/Desktop/Proyectos/blockpr/blockpr-frontend/.superpowers/brainstorm/525-1773605238/animation-v7.html"}
{"type":"screen-updated","file":"/Users/budi/Desktop/Proyectos/blockpr/blockpr-frontend/.superpowers/brainstorm/525-1773605238/animation-v7.html"}
{"type":"screen-updated","file":"/Users/budi/Desktop/Proyectos/blockpr/blockpr-frontend/.superpowers/brainstorm/525-1773605238/animation-v7.html"}
{"type":"screen-updated","file":"/Users/budi/Desktop/Proyectos/blockpr/blockpr-frontend/.superpowers/brainstorm/525-1773605238/animation-v7.html"}
{"type":"screen-updated","file":"/Users/budi/Desktop/Proyectos/blockpr/blockpr-frontend/.superpowers/brainstorm/525-1773605238/animation-v7.html"}
{"type":"screen-updated","file":"/Users/budi/Desktop/Proyectos/blockpr/blockpr-frontend/.superpowers/brainstorm/525-1773605238/animation-v7.html"}
{"type":"screen-updated","file":"/Users/budi/Desktop/Proyectos/blockpr/blockpr-frontend/.superpowers/brainstorm/525-1773605238/animation-v7.html"}
{"type":"screen-updated","file":"/Users/budi/Desktop/Proyectos/blockpr/blockpr-frontend/.superpowers/brainstorm/525-1773605238/animation-v7.html"}
{"type":"screen-updated","file":"/Users/budi/Desktop/Proyectos/blockpr/blockpr-frontend/.superpowers/brainstorm/525-1773605238/animation-v7.html"}
{"type":"screen-updated","file":"/Users/budi/Desktop/Proyectos/blockpr/blockpr-frontend/.superpowers/brainstorm/525-1773605238/animation-v7.html"}
{"type":"screen-updated","file":"/Users/budi/Desktop/Proyectos/blockpr/blockpr-frontend/.superpowers/brainstorm/525-1773605238/animation-v7.html"}
{"type":"server-stopped","reason":"idle timeout"}
